<?xml version="1.0" encoding="UTF-8"?>
<!-- Generated by org.testng.reporters.JUnitXMLReporter -->
<testsuite ignored="76" hostname="TTNPL-DeepanshuTyagi" failures="55" tests="177" name="Test" time="197.103" errors="0" timestamp="2023-03-16T14:10:08 IST">
  <testcase classname="com.ttn.MSGA.testcases.CityMasterTest" name="cityMaster_InvalidDate" time="0.985"/>
  <testcase classname="com.ttn.MSGA.testcases.CityMasterTest" name="cityMaster_InvalidStatecode" time="0.119"/>
  <testcase classname="com.ttn.MSGA.testcases.CityMasterTest" name="cityMaster_ValidInput" time="0.914"/>
  <testcase classname="com.ttn.MSGA.testcases.CityMasterTest" name="cityMaster_ValidStateCode" time="0.232"/>
  <testcase classname="com.ttn.MSGA.testcases.GetEscDataAccTest" name="getEscDataAcc_Blank_PMC" time="0.047"/>
  <testcase classname="com.ttn.MSGA.testcases.GetEscDataAccTest" name="getEscDataAcc_Blank_P_LOC_CD" time="0.397"/>
  <testcase classname="com.ttn.MSGA.testcases.GetEscDataAccTest" name="getEscDataAcc_Invalid_PMC" time="0.342"/>
  <testcase classname="com.ttn.MSGA.testcases.GetEscDataAccTest" name="getEscDataAcc_ValidInput" time="1.526"/>
  <testcase classname="com.ttn.MSGA.testcases.GetOrdEnqLineStatusTest" name="getOrdEnqLineStatus_Blank_P_DEALER_MAP_CD" time="0.028"/>
  <testcase classname="com.ttn.MSGA.testcases.GetOrdEnqLineStatusTest" name="getOrdEnqLineStatus_Blank_P_ENQ_ORDER_NUM" time="0.104"/>
  <testcase classname="com.ttn.MSGA.testcases.GetOrdEnqLineStatusTest" name="getOrdEnqLineStatus_Blank_P_FLAG" time="0.102"/>
  <testcase classname="com.ttn.MSGA.testcases.GetOrdEnqLineStatusTest" name="getOrdEnqLineStatus_Blank_P_LOC_CD" time="0.081"/>
  <testcase classname="com.ttn.MSGA.testcases.GetOrdEnqLineStatusTest" name="getOrdEnqLineStatus_Blank_P_PARENT_GROUP" time="0.106"/>
  <testcase classname="com.ttn.MSGA.testcases.GetOrdEnqLineStatusTest" name="getOrdEnqLineStatus_Invalid_P_DEALER_MAP_CD" time="0.087"/>
  <testcase classname="com.ttn.MSGA.testcases.GetOrdEnqLineStatusTest" name="getOrdEnqLineStatus_Invalid_P_ENQ_ORDER_NUM" time="0.109"/>
  <testcase classname="com.ttn.MSGA.testcases.GetOrdEnqLineStatusTest" name="getOrdEnqLineStatus_Invalid_P_FLAG" time="0.098"/>
  <testcase classname="com.ttn.MSGA.testcases.GetOrdEnqLineStatusTest" name="getOrdEnqLineStatus_Invalid_P_LOC_CD" time="0.088"/>
  <testcase classname="com.ttn.MSGA.testcases.GetOrdEnqLineStatusTest" name="getOrdEnqLineStatus_Invalid_P_PARENT_GROUP" time="0.094"/>
  <testcase classname="com.ttn.MSGA.testcases.GetOrdEnqLineStatusTest" name="getOrdEnqLineStatus_ValidInput" time="0.143"/>
  <testcase classname="com.ttn.MSGA.testcases.GetAccEnquiryTest" name="getAccEnquiry_InvalidInput" time="0.139"/>
  <testcase classname="com.ttn.MSGA.testcases.GetAccEnquiryTest" name="getAccEnquiry_ValidInput" time="0.908"/>
  <testcase classname="com.ttn.MSGA.testcases.GetAccEnquiryTest" name="getAccEnquiry_ValidInput" time="0.121"/>
  <testcase classname="com.ttn.MSGA.testcases.GetAccEnquiryTest" name="getAccEnquiry_ValidInput" time="0.197"/>
  <testcase classname="com.ttn.MSGA.testcases.GetAccEnquiryTest" name="getAccEnquiry_ValidInput" time="1.37"/>
  <testcase classname="com.ttn.MSGA.testcases.GetAccOrdTest" name="getAccOrd_InvalidInput" time="0.123"/>
  <testcase classname="com.ttn.MSGA.testcases.GetAccOrdTest" name="getAccOrd_ValidInput" time="0.333"/>
  <testcase classname="com.ttn.MSGA.testcases.GetCategoryMasterTest" name="getCategoryMaster_FutureDate" time="0.102"/>
  <testcase classname="com.ttn.MSGA.testcases.GetCategoryMasterTest" name="getCategoryMaster_Invalid_DateFormat" time="0.102"/>
  <testcase classname="com.ttn.MSGA.testcases.GetCategoryMasterTest" name="getCategoryMaster_ValidInput" time="0.121"/>
  <testcase classname="com.ttn.MSGA.testcases.GetSubCategoryMasterTest" name="getSubCategoryMaster_FutureDate" time="25.742"/>
  <testcase classname="com.ttn.MSGA.testcases.GetSubCategoryMasterTest" name="getSubCategoryMaster_Invalid_DateFormat" time="0.036"/>
  <testcase classname="com.ttn.MSGA.testcases.GetSubCategoryMasterTest" name="getSubCategoryMaster_ValidInput" time="6.462"/>
  <testcase classname="com.ttn.MSGA.testcases.GetPartMasterTest" name="getPartMaster_FutureDate" time="5.907"/>
  <testcase classname="com.ttn.MSGA.testcases.GetPartMasterTest" name="getPartMaster_Invalid_DateFormat" time="0.044"/>
  <testcase classname="com.ttn.MSGA.testcases.GetPartMasterTest" name="getPartMaster_ValidInput" time="6.228"/>
  <testcase classname="com.ttn.MSGA.testcases.GetModelVarMappingTest" name="getModelVarMapping_FutureDate" time="0.099"/>
  <testcase classname="com.ttn.MSGA.testcases.GetModelVarMappingTest" name="getModelVarMapping_Invalid_DateFormat" time="0.094"/>
  <testcase classname="com.ttn.MSGA.testcases.GetModelVarMappingTest" name="getModelVarMapping_ValidInput" time="0.163"/>
  <testcase classname="com.ttn.MSGA.testcases.GetPartModelMappingTest" name="getPartModelMapping_FutureDate" time="0.128"/>
  <testcase classname="com.ttn.MSGA.testcases.GetPartModelMappingTest" name="getPartModelMapping_Invalid_DateFormat" time="0.2"/>
  <testcase classname="com.ttn.MSGA.testcases.GetPartModelMappingTest" name="getPartModelMapping_ValidInput" time="1.485"/>
  <testcase classname="com.ttn.MSGA.testcases.StateMasterTest" name="stateMaster_Invalid_Date" time="0.099"/>
  <testcase classname="com.ttn.MSGA.testcases.StateMasterTest" name="stateMaster_Invalid_Date" time="0.099"/>
  <testcase classname="com.ttn.MSGA.testcases.StateMasterTest" name="stateMaster_Invalid_P_PMC" time="0.029"/>
  <testcase classname="com.ttn.MSGA.testcases.StateMasterTest" name="stateMaster_Invalid_P_PMC" time="0.038"/>
  <testcase classname="com.ttn.MSGA.testcases.StateMasterTest" name="stateMaster_ValidInput" time="0.117"/>
  <testcase classname="com.ttn.MSGA.testcases.StateMasterTest" name="stateMaster_ValidInput" time="0.208"/>
  <testcase classname="com.ttn.MSGA.testcases.GetCommmonMasterTest" name="getCommmonMaster_Blank_AuthToken" time="0.038"/>
  <testcase classname="com.ttn.MSGA.testcases.GetCommmonMasterTest" name="getCommmonMaster_Invalid_AuthToken" time="0.027"/>
  <testcase classname="com.ttn.MSGA.testcases.GetCommmonMasterTest" name="getCommmonMaster_Invalid_Date" time="0.082"/>
  <testcase classname="com.ttn.MSGA.testcases.GetCommmonMasterTest" name="getCommmonMaster_Invalid_Date" time="0.128"/>
  <testcase classname="com.ttn.MSGA.testcases.GetCommmonMasterTest" name="getCommmonMaster_ValidInput" time="0.11"/>
  <testcase classname="com.ttn.MSGA.testcases.GetCommmonMasterTest" name="getCommmonMaster_ValidInput" time="0.093"/>
  <testcase classname="com.ttn.MSGA.testcases.GetCommmonMasterTest" name="getCommmonMaster_ValidInput" time="0.204"/>
  <testcase classname="com.ttn.MSGA.testcases.InsertAccEnquiryTest" name="insertAccEnquiry_Blank_P_APPOINT_TIME" time="0.051">
    <failure type="java.lang.AssertionError" message="expected [200] but found [503]">
      <![CDATA[java.lang.AssertionError: expected [200] but found [503]
at com.ttn.MSGA.testcases.InsertAccEnquiryTest.insertAccEnquiry_Blank_P_APPOINT_TIME(InsertAccEnquiryTest.java:288)
at java.base/java.util.ArrayList.forEach(ArrayList.java:1511)
... Removed 32 stack frames]]>
    </failure>
  </testcase> <!-- insertAccEnquiry_Blank_P_APPOINT_TIME -->
  <testcase classname="com.ttn.MSGA.testcases.InsertAccEnquiryTest" name="insertAccEnquiry_Blank_P_CUST_FNAME" time="0.216">
    <failure type="java.lang.AssertionError" message="expected [200] but found [503]">
      <![CDATA[java.lang.AssertionError: expected [200] but found [503]
at com.ttn.MSGA.testcases.InsertAccEnquiryTest.insertAccEnquiry_Blank_P_CUST_FNAME(InsertAccEnquiryTest.java:214)
at java.base/java.util.ArrayList.forEach(ArrayList.java:1511)
... Removed 32 stack frames]]>
    </failure>
  </testcase> <!-- insertAccEnquiry_Blank_P_CUST_FNAME -->
  <testcase classname="com.ttn.MSGA.testcases.InsertAccEnquiryTest" name="insertAccEnquiry_Blank_P_DEALER_MAP_CD" time="0.102">
    <failure type="java.lang.AssertionError" message="expected [200] but found [503]">
      <![CDATA[java.lang.AssertionError: expected [200] but found [503]
at com.ttn.MSGA.testcases.InsertAccEnquiryTest.insertAccEnquiry_Blank_P_DEALER_MAP_CD(InsertAccEnquiryTest.java:98)
at java.base/java.util.ArrayList.forEach(ArrayList.java:1511)
... Removed 32 stack frames]]>
    </failure>
  </testcase> <!-- insertAccEnquiry_Blank_P_DEALER_MAP_CD -->
  <testcase classname="com.ttn.MSGA.testcases.InsertAccEnquiryTest" name="insertAccEnquiry_Blank_P_ENQ_DATE" time="0.233">
    <failure type="java.lang.AssertionError" message="expected [200] but found [503]">
      <![CDATA[java.lang.AssertionError: expected [200] but found [503]
at com.ttn.MSGA.testcases.InsertAccEnquiryTest.insertAccEnquiry_Blank_P_ENQ_DATE(InsertAccEnquiryTest.java:175)
at java.base/java.util.ArrayList.forEach(ArrayList.java:1511)
... Removed 32 stack frames]]>
    </failure>
  </testcase> <!-- insertAccEnquiry_Blank_P_ENQ_DATE -->
  <testcase classname="com.ttn.MSGA.testcases.InsertAccEnquiryTest" name="insertAccEnquiry_Blank_P_LOC_CD" time="0.129">
    <failure type="java.lang.AssertionError" message="expected [200] but found [503]">
      <![CDATA[java.lang.AssertionError: expected [200] but found [503]
at com.ttn.MSGA.testcases.InsertAccEnquiryTest.insertAccEnquiry_Blank_P_LOC_CD(InsertAccEnquiryTest.java:136)
at java.base/java.util.ArrayList.forEach(ArrayList.java:1511)
... Removed 32 stack frames]]>
    </failure>
  </testcase> <!-- insertAccEnquiry_Blank_P_LOC_CD -->
  <testcase classname="com.ttn.MSGA.testcases.InsertAccEnquiryTest" name="insertAccEnquiry_Blank_P_MODE" time="0.179">
    <failure type="java.lang.AssertionError" message="expected [200] but found [503]">
      <![CDATA[java.lang.AssertionError: expected [200] but found [503]
at com.ttn.MSGA.testcases.InsertAccEnquiryTest.insertAccEnquiry_Blank_P_MODE(InsertAccEnquiryTest.java:270)
at java.base/java.util.ArrayList.forEach(ArrayList.java:1511)
... Removed 32 stack frames]]>
    </failure>
  </testcase> <!-- insertAccEnquiry_Blank_P_MODE -->
  <testcase classname="com.ttn.MSGA.testcases.InsertAccEnquiryTest" name="insertAccEnquiry_Blank_P_PARENT_GROUP" time="0.17">
    <failure type="java.lang.AssertionError" message="expected [200] but found [503]">
      <![CDATA[java.lang.AssertionError: expected [200] but found [503]
at com.ttn.MSGA.testcases.InsertAccEnquiryTest.insertAccEnquiry_Blank_P_PARENT_GROUP(InsertAccEnquiryTest.java:60)
at java.base/java.util.ArrayList.forEach(ArrayList.java:1511)
... Removed 32 stack frames]]>
    </failure>
  </testcase> <!-- insertAccEnquiry_Blank_P_PARENT_GROUP -->
  <testcase classname="com.ttn.MSGA.testcases.InsertAccEnquiryTest" name="insertAccEnquiry_Blank_P_PHONE" time="0.108">
    <failure type="java.lang.AssertionError" message="expected [200] but found [503]">
      <![CDATA[java.lang.AssertionError: expected [200] but found [503]
at com.ttn.MSGA.testcases.InsertAccEnquiryTest.insertAccEnquiry_Blank_P_PHONE(InsertAccEnquiryTest.java:234)
at java.base/java.util.ArrayList.forEach(ArrayList.java:1511)
... Removed 32 stack frames]]>
    </failure>
  </testcase> <!-- insertAccEnquiry_Blank_P_PHONE -->
  <testcase classname="com.ttn.MSGA.testcases.InsertAccEnquiryTest" name="insertAccEnquiry_Blank_P_SOURCE" time="0.114">
    <failure type="java.lang.AssertionError" message="expected [200] but found [503]">
      <![CDATA[java.lang.AssertionError: expected [200] but found [503]
at com.ttn.MSGA.testcases.InsertAccEnquiryTest.insertAccEnquiry_Blank_P_SOURCE(InsertAccEnquiryTest.java:252)
at java.base/java.util.ArrayList.forEach(ArrayList.java:1511)
... Removed 32 stack frames]]>
    </failure>
  </testcase> <!-- insertAccEnquiry_Blank_P_SOURCE -->
  <testcase classname="com.ttn.MSGA.testcases.InsertAccEnquiryTest" name="insertAccEnquiry_Invalid_P_DEALER_MAP_CD" time="0.112">
    <failure type="java.lang.AssertionError" message="expected [200] but found [503]">
      <![CDATA[java.lang.AssertionError: expected [200] but found [503]
at com.ttn.MSGA.testcases.InsertAccEnquiryTest.insertAccEnquiry_Invalid_P_DEALER_MAP_CD(InsertAccEnquiryTest.java:117)
at java.base/java.util.ArrayList.forEach(ArrayList.java:1511)
... Removed 32 stack frames]]>
    </failure>
  </testcase> <!-- insertAccEnquiry_Invalid_P_DEALER_MAP_CD -->
  <testcase classname="com.ttn.MSGA.testcases.InsertAccEnquiryTest" name="insertAccEnquiry_Invalid_P_DEALER_MAP_CD" time="0.123">
    <failure type="java.lang.AssertionError" message="expected [200] but found [503]">
      <![CDATA[java.lang.AssertionError: expected [200] but found [503]
at com.ttn.MSGA.testcases.InsertAccEnquiryTest.insertAccEnquiry_Invalid_P_DEALER_MAP_CD(InsertAccEnquiryTest.java:117)
at java.base/java.util.ArrayList.forEach(ArrayList.java:1511)
... Removed 32 stack frames]]>
    </failure>
  </testcase> <!-- insertAccEnquiry_Invalid_P_DEALER_MAP_CD -->
  <testcase classname="com.ttn.MSGA.testcases.InsertAccEnquiryTest" name="insertAccEnquiry_Invalid_P_DEALER_MAP_CD" time="0.109">
    <failure type="java.lang.AssertionError" message="expected [200] but found [503]">
      <![CDATA[java.lang.AssertionError: expected [200] but found [503]
at com.ttn.MSGA.testcases.InsertAccEnquiryTest.insertAccEnquiry_Invalid_P_DEALER_MAP_CD(InsertAccEnquiryTest.java:117)
at java.base/java.util.ArrayList.forEach(ArrayList.java:1511)
... Removed 32 stack frames]]>
    </failure>
  </testcase> <!-- insertAccEnquiry_Invalid_P_DEALER_MAP_CD -->
  <testcase classname="com.ttn.MSGA.testcases.InsertAccEnquiryTest" name="insertAccEnquiry_Invalid_P_DEALER_MAP_CD" time="0.118">
    <failure type="java.lang.AssertionError" message="expected [200] but found [503]">
      <![CDATA[java.lang.AssertionError: expected [200] but found [503]
at com.ttn.MSGA.testcases.InsertAccEnquiryTest.insertAccEnquiry_Invalid_P_DEALER_MAP_CD(InsertAccEnquiryTest.java:117)
at java.base/java.util.ArrayList.forEach(ArrayList.java:1511)
... Removed 32 stack frames]]>
    </failure>
  </testcase> <!-- insertAccEnquiry_Invalid_P_DEALER_MAP_CD -->
  <testcase classname="com.ttn.MSGA.testcases.InsertAccEnquiryTest" name="insertAccEnquiry_Invalid_P_DEALER_MAP_CD" time="0.214">
    <failure type="java.lang.AssertionError" message="expected [200] but found [503]">
      <![CDATA[java.lang.AssertionError: expected [200] but found [503]
at com.ttn.MSGA.testcases.InsertAccEnquiryTest.insertAccEnquiry_Invalid_P_DEALER_MAP_CD(InsertAccEnquiryTest.java:117)
at java.base/java.util.ArrayList.forEach(ArrayList.java:1511)
... Removed 32 stack frames]]>
    </failure>
  </testcase> <!-- insertAccEnquiry_Invalid_P_DEALER_MAP_CD -->
  <testcase classname="com.ttn.MSGA.testcases.InsertAccEnquiryTest" name="insertAccEnquiry_Invalid_P_ENQ_DATE" time="0.236">
    <failure type="java.lang.AssertionError" message="expected [200] but found [503]">
      <![CDATA[java.lang.AssertionError: expected [200] but found [503]
at com.ttn.MSGA.testcases.InsertAccEnquiryTest.insertAccEnquiry_Invalid_P_ENQ_DATE(InsertAccEnquiryTest.java:195)
at java.base/java.util.ArrayList.forEach(ArrayList.java:1511)
... Removed 32 stack frames]]>
    </failure>
  </testcase> <!-- insertAccEnquiry_Invalid_P_ENQ_DATE -->
  <testcase classname="com.ttn.MSGA.testcases.InsertAccEnquiryTest" name="insertAccEnquiry_Invalid_P_LOC_CD" time="0.115">
    <failure type="java.lang.AssertionError" message="expected [200] but found [503]">
      <![CDATA[java.lang.AssertionError: expected [200] but found [503]
at com.ttn.MSGA.testcases.InsertAccEnquiryTest.insertAccEnquiry_Invalid_P_LOC_CD(InsertAccEnquiryTest.java:156)
at java.base/java.util.ArrayList.forEach(ArrayList.java:1511)
... Removed 32 stack frames]]>
    </failure>
  </testcase> <!-- insertAccEnquiry_Invalid_P_LOC_CD -->
  <testcase classname="com.ttn.MSGA.testcases.InsertAccEnquiryTest" name="insertAccEnquiry_Invalid_P_LOC_CD" time="0.123">
    <failure type="java.lang.AssertionError" message="expected [200] but found [503]">
      <![CDATA[java.lang.AssertionError: expected [200] but found [503]
at com.ttn.MSGA.testcases.InsertAccEnquiryTest.insertAccEnquiry_Invalid_P_LOC_CD(InsertAccEnquiryTest.java:156)
at java.base/java.util.ArrayList.forEach(ArrayList.java:1511)
... Removed 32 stack frames]]>
    </failure>
  </testcase> <!-- insertAccEnquiry_Invalid_P_LOC_CD -->
  <testcase classname="com.ttn.MSGA.testcases.InsertAccEnquiryTest" name="insertAccEnquiry_Invalid_P_LOC_CD" time="0.147">
    <failure type="java.lang.AssertionError" message="expected [200] but found [503]">
      <![CDATA[java.lang.AssertionError: expected [200] but found [503]
at com.ttn.MSGA.testcases.InsertAccEnquiryTest.insertAccEnquiry_Invalid_P_LOC_CD(InsertAccEnquiryTest.java:156)
at java.base/java.util.ArrayList.forEach(ArrayList.java:1511)
... Removed 32 stack frames]]>
    </failure>
  </testcase> <!-- insertAccEnquiry_Invalid_P_LOC_CD -->
  <testcase classname="com.ttn.MSGA.testcases.InsertAccEnquiryTest" name="insertAccEnquiry_Invalid_P_LOC_CD" time="3.189">
    <failure type="java.lang.AssertionError" message="expected [200] but found [503]">
      <![CDATA[java.lang.AssertionError: expected [200] but found [503]
at com.ttn.MSGA.testcases.InsertAccEnquiryTest.insertAccEnquiry_Invalid_P_LOC_CD(InsertAccEnquiryTest.java:156)
at java.base/java.util.ArrayList.forEach(ArrayList.java:1511)
... Removed 32 stack frames]]>
    </failure>
  </testcase> <!-- insertAccEnquiry_Invalid_P_LOC_CD -->
  <testcase classname="com.ttn.MSGA.testcases.InsertAccEnquiryTest" name="insertAccEnquiry_Invalid_P_LOC_CD" time="0.144">
    <failure type="java.lang.AssertionError" message="expected [200] but found [503]">
      <![CDATA[java.lang.AssertionError: expected [200] but found [503]
at com.ttn.MSGA.testcases.InsertAccEnquiryTest.insertAccEnquiry_Invalid_P_LOC_CD(InsertAccEnquiryTest.java:156)
at java.base/java.util.ArrayList.forEach(ArrayList.java:1511)
... Removed 32 stack frames]]>
    </failure>
  </testcase> <!-- insertAccEnquiry_Invalid_P_LOC_CD -->
  <testcase classname="com.ttn.MSGA.testcases.InsertAccEnquiryTest" name="insertAccEnquiry_Invalid_P_PARENT_GROUP" time="0.122">
    <failure type="java.lang.AssertionError" message="expected [200] but found [503]">
      <![CDATA[java.lang.AssertionError: expected [200] but found [503]
at com.ttn.MSGA.testcases.InsertAccEnquiryTest.insertAccEnquiry_Invalid_P_PARENT_GROUP(InsertAccEnquiryTest.java:79)
at java.base/java.util.ArrayList.forEach(ArrayList.java:1511)
... Removed 32 stack frames]]>
    </failure>
  </testcase> <!-- insertAccEnquiry_Invalid_P_PARENT_GROUP -->
  <testcase classname="com.ttn.MSGA.testcases.InsertAccEnquiryTest" name="insertAccEnquiry_Invalid_P_PARENT_GROUP" time="0.153">
    <failure type="java.lang.AssertionError" message="expected [200] but found [503]">
      <![CDATA[java.lang.AssertionError: expected [200] but found [503]
at com.ttn.MSGA.testcases.InsertAccEnquiryTest.insertAccEnquiry_Invalid_P_PARENT_GROUP(InsertAccEnquiryTest.java:79)
at java.base/java.util.ArrayList.forEach(ArrayList.java:1511)
... Removed 32 stack frames]]>
    </failure>
  </testcase> <!-- insertAccEnquiry_Invalid_P_PARENT_GROUP -->
  <testcase classname="com.ttn.MSGA.testcases.InsertAccEnquiryTest" name="insertAccEnquiry_Invalid_P_PARENT_GROUP" time="0.35">
    <failure type="java.lang.AssertionError" message="expected [200] but found [503]">
      <![CDATA[java.lang.AssertionError: expected [200] but found [503]
at com.ttn.MSGA.testcases.InsertAccEnquiryTest.insertAccEnquiry_Invalid_P_PARENT_GROUP(InsertAccEnquiryTest.java:79)
at java.base/java.util.ArrayList.forEach(ArrayList.java:1511)
... Removed 32 stack frames]]>
    </failure>
  </testcase> <!-- insertAccEnquiry_Invalid_P_PARENT_GROUP -->
  <testcase classname="com.ttn.MSGA.testcases.InsertAccEnquiryTest" name="insertAccEnquiry_Invalid_P_PARENT_GROUP" time="0.126">
    <failure type="java.lang.AssertionError" message="expected [200] but found [503]">
      <![CDATA[java.lang.AssertionError: expected [200] but found [503]
at com.ttn.MSGA.testcases.InsertAccEnquiryTest.insertAccEnquiry_Invalid_P_PARENT_GROUP(InsertAccEnquiryTest.java:79)
at java.base/java.util.ArrayList.forEach(ArrayList.java:1511)
... Removed 32 stack frames]]>
    </failure>
  </testcase> <!-- insertAccEnquiry_Invalid_P_PARENT_GROUP -->
  <testcase classname="com.ttn.MSGA.testcases.InsertAccEnquiryTest" name="insertAccEnquiry_Invalid_P_PARENT_GROUP" time="0.127">
    <failure type="java.lang.AssertionError" message="expected [200] but found [503]">
      <![CDATA[java.lang.AssertionError: expected [200] but found [503]
at com.ttn.MSGA.testcases.InsertAccEnquiryTest.insertAccEnquiry_Invalid_P_PARENT_GROUP(InsertAccEnquiryTest.java:79)
at java.base/java.util.ArrayList.forEach(ArrayList.java:1511)
... Removed 32 stack frames]]>
    </failure>
  </testcase> <!-- insertAccEnquiry_Invalid_P_PARENT_GROUP -->
  <testcase classname="com.ttn.MSGA.testcases.InsertAccEnquiryTest" name="insertAccEnquiry_ValidInput" time="0.226"/>
  <testcase classname="com.ttn.MSGA.testcases.InsertAccEnquiryTest" name="insertAccEnquiry_ValidInput" time="0.159"/>
  <testcase classname="com.ttn.MSGA.testcases.InsertAccEnquiryTest" name="insertAccEnquiry_ValidInput" time="0.167"/>
  <testcase classname="com.ttn.MSGA.testcases.InsertAccEnquiryTest" name="insertAccEnquiry_ValidInput" time="0.23"/>
  <testcase classname="com.ttn.MSGA.testcases.InsertAccEnquiryTest" name="insertAccEnquiry_ValidInput" time="0.193"/>
  <testcase classname="com.ttn.MSGA.testcases.InsertAccOrdTest" name="insertAccOrd_BlankP_P_PHONE" time="0.139">
    <failure type="java.lang.AssertionError" message="expected [200] but found [503]">
      <![CDATA[java.lang.AssertionError: expected [200] but found [503]
at com.ttn.MSGA.testcases.InsertAccOrdTest.insertAccOrd_BlankP_P_PHONE(InsertAccOrdTest.java:225)
at java.base/java.util.ArrayList.forEach(ArrayList.java:1511)
... Removed 32 stack frames]]>
    </failure>
  </testcase> <!-- insertAccOrd_BlankP_P_PHONE -->
  <testcase classname="com.ttn.MSGA.testcases.InsertAccOrdTest" name="insertAccOrd_Blank_P_AMT_PAID" time="0.052">
    <failure type="java.lang.AssertionError" message="expected [200] but found [503]">
      <![CDATA[java.lang.AssertionError: expected [200] but found [503]
at com.ttn.MSGA.testcases.InsertAccOrdTest.insertAccOrd_Blank_P_AMT_PAID(InsertAccOrdTest.java:274)
at java.base/java.util.ArrayList.forEach(ArrayList.java:1511)
... Removed 32 stack frames]]>
    </failure>
  </testcase> <!-- insertAccOrd_Blank_P_AMT_PAID -->
  <testcase classname="com.ttn.MSGA.testcases.InsertAccOrdTest" name="insertAccOrd_Blank_P_APPOINT_TIME" time="0.044">
    <failure type="java.lang.AssertionError" message="expected [200] but found [503]">
      <![CDATA[java.lang.AssertionError: expected [200] but found [503]
at com.ttn.MSGA.testcases.InsertAccOrdTest.insertAccOrd_Blank_P_APPOINT_TIME(InsertAccOrdTest.java:257)
at java.base/java.util.ArrayList.forEach(ArrayList.java:1511)
... Removed 32 stack frames]]>
    </failure>
  </testcase> <!-- insertAccOrd_Blank_P_APPOINT_TIME -->
  <testcase classname="com.ttn.MSGA.testcases.InsertAccOrdTest" name="insertAccOrd_Blank_P_CUST_FNAME" time="0.126">
    <failure type="java.lang.AssertionError" message="expected [200] but found [503]">
      <![CDATA[java.lang.AssertionError: expected [200] but found [503]
at com.ttn.MSGA.testcases.InsertAccOrdTest.insertAccOrd_Blank_P_CUST_FNAME(InsertAccOrdTest.java:208)
at java.base/java.util.ArrayList.forEach(ArrayList.java:1511)
... Removed 32 stack frames]]>
    </failure>
  </testcase> <!-- insertAccOrd_Blank_P_CUST_FNAME -->
  <testcase classname="com.ttn.MSGA.testcases.InsertAccOrdTest" name="insertAccOrd_Blank_P_DEALER_MAP_CD" time="0.114">
    <failure type="java.lang.AssertionError" message="expected [200] but found [503]">
      <![CDATA[java.lang.AssertionError: expected [200] but found [503]
at com.ttn.MSGA.testcases.InsertAccOrdTest.insertAccOrd_Blank_P_DEALER_MAP_CD(InsertAccOrdTest.java:96)
at java.base/java.util.ArrayList.forEach(ArrayList.java:1511)
... Removed 32 stack frames]]>
    </failure>
  </testcase> <!-- insertAccOrd_Blank_P_DEALER_MAP_CD -->
  <testcase classname="com.ttn.MSGA.testcases.InsertAccOrdTest" name="insertAccOrd_Blank_P_LOC_CD" time="0.145">
    <failure type="java.lang.AssertionError" message="expected [200] but found [503]">
      <![CDATA[java.lang.AssertionError: expected [200] but found [503]
at com.ttn.MSGA.testcases.InsertAccOrdTest.insertAccOrd_Blank_P_LOC_CD(InsertAccOrdTest.java:134)
at java.base/java.util.ArrayList.forEach(ArrayList.java:1511)
... Removed 32 stack frames]]>
    </failure>
  </testcase> <!-- insertAccOrd_Blank_P_LOC_CD -->
  <testcase classname="com.ttn.MSGA.testcases.InsertAccOrdTest" name="insertAccOrd_Blank_P_ORDER_DATE" time="0.12">
    <failure type="java.lang.AssertionError" message="expected [200] but found [503]">
      <![CDATA[java.lang.AssertionError: expected [200] but found [503]
at com.ttn.MSGA.testcases.InsertAccOrdTest.insertAccOrd_Blank_P_ORDER_DATE(InsertAccOrdTest.java:172)
at java.base/java.util.ArrayList.forEach(ArrayList.java:1511)
... Removed 32 stack frames]]>
    </failure>
  </testcase> <!-- insertAccOrd_Blank_P_ORDER_DATE -->
  <testcase classname="com.ttn.MSGA.testcases.InsertAccOrdTest" name="insertAccOrd_Blank_P_PARENT_GROUP" time="0.121">
    <failure type="java.lang.AssertionError" message="expected [200] but found [503]">
      <![CDATA[java.lang.AssertionError: expected [200] but found [503]
at com.ttn.MSGA.testcases.InsertAccOrdTest.insertAccOrd_Blank_P_PARENT_GROUP(InsertAccOrdTest.java:58)
at java.base/java.util.ArrayList.forEach(ArrayList.java:1511)
... Removed 32 stack frames]]>
    </failure>
  </testcase> <!-- insertAccOrd_Blank_P_PARENT_GROUP -->
  <testcase classname="com.ttn.MSGA.testcases.InsertAccOrdTest" name="insertAccOrd_Blank_P_SOURCE" time="0.112">
    <failure type="java.lang.AssertionError" message="expected [200] but found [503]">
      <![CDATA[java.lang.AssertionError: expected [200] but found [503]
at com.ttn.MSGA.testcases.InsertAccOrdTest.insertAccOrd_Blank_P_SOURCE(InsertAccOrdTest.java:241)
at java.base/java.util.ArrayList.forEach(ArrayList.java:1511)
... Removed 32 stack frames]]>
    </failure>
  </testcase> <!-- insertAccOrd_Blank_P_SOURCE -->
  <testcase classname="com.ttn.MSGA.testcases.InsertAccOrdTest" name="insertAccOrd_Blank_P_TOTAL_AMT" time="0.032">
    <failure type="java.lang.AssertionError" message="expected [200] but found [503]">
      <![CDATA[java.lang.AssertionError: expected [200] but found [503]
at com.ttn.MSGA.testcases.InsertAccOrdTest.insertAccOrd_Blank_P_TOTAL_AMT(InsertAccOrdTest.java:309)
at java.base/java.util.ArrayList.forEach(ArrayList.java:1511)
... Removed 32 stack frames]]>
    </failure>
  </testcase> <!-- insertAccOrd_Blank_P_TOTAL_AMT -->
  <testcase classname="com.ttn.MSGA.testcases.InsertAccOrdTest" name="insertAccOrd_Invalid_P_AMT_PAID" time="0.032">
    <failure type="java.lang.AssertionError" message="expected [200] but found [503]">
      <![CDATA[java.lang.AssertionError: expected [200] but found [503]
at com.ttn.MSGA.testcases.InsertAccOrdTest.insertAccOrd_Invalid_P_AMT_PAID(InsertAccOrdTest.java:292)
at java.base/java.util.ArrayList.forEach(ArrayList.java:1511)
... Removed 32 stack frames]]>
    </failure>
  </testcase> <!-- insertAccOrd_Invalid_P_AMT_PAID -->
  <testcase classname="com.ttn.MSGA.testcases.InsertAccOrdTest" name="insertAccOrd_Invalid_P_DEALER_MAP_CD" time="0.142">
    <failure type="java.lang.AssertionError" message="expected [200] but found [503]">
      <![CDATA[java.lang.AssertionError: expected [200] but found [503]
at com.ttn.MSGA.testcases.InsertAccOrdTest.insertAccOrd_Invalid_P_DEALER_MAP_CD(InsertAccOrdTest.java:115)
at java.base/java.util.ArrayList.forEach(ArrayList.java:1511)
... Removed 32 stack frames]]>
    </failure>
  </testcase> <!-- insertAccOrd_Invalid_P_DEALER_MAP_CD -->
  <testcase classname="com.ttn.MSGA.testcases.InsertAccOrdTest" name="insertAccOrd_Invalid_P_DEALER_MAP_CD" time="0.171">
    <failure type="java.lang.AssertionError" message="expected [200] but found [503]">
      <![CDATA[java.lang.AssertionError: expected [200] but found [503]
at com.ttn.MSGA.testcases.InsertAccOrdTest.insertAccOrd_Invalid_P_DEALER_MAP_CD(InsertAccOrdTest.java:115)
at java.base/java.util.ArrayList.forEach(ArrayList.java:1511)
... Removed 32 stack frames]]>
    </failure>
  </testcase> <!-- insertAccOrd_Invalid_P_DEALER_MAP_CD -->
  <testcase classname="com.ttn.MSGA.testcases.InsertAccOrdTest" name="insertAccOrd_Invalid_P_DEALER_MAP_CD" time="0.103">
    <failure type="java.lang.AssertionError" message="expected [200] but found [503]">
      <![CDATA[java.lang.AssertionError: expected [200] but found [503]
at com.ttn.MSGA.testcases.InsertAccOrdTest.insertAccOrd_Invalid_P_DEALER_MAP_CD(InsertAccOrdTest.java:115)
at java.base/java.util.ArrayList.forEach(ArrayList.java:1511)
... Removed 32 stack frames]]>
    </failure>
  </testcase> <!-- insertAccOrd_Invalid_P_DEALER_MAP_CD -->
  <testcase classname="com.ttn.MSGA.testcases.InsertAccOrdTest" name="insertAccOrd_Invalid_P_DEALER_MAP_CD" time="0.173">
    <failure type="java.lang.AssertionError" message="expected [200] but found [503]">
      <![CDATA[java.lang.AssertionError: expected [200] but found [503]
at com.ttn.MSGA.testcases.InsertAccOrdTest.insertAccOrd_Invalid_P_DEALER_MAP_CD(InsertAccOrdTest.java:115)
at java.base/java.util.ArrayList.forEach(ArrayList.java:1511)
... Removed 32 stack frames]]>
    </failure>
  </testcase> <!-- insertAccOrd_Invalid_P_DEALER_MAP_CD -->
  <testcase classname="com.ttn.MSGA.testcases.InsertAccOrdTest" name="insertAccOrd_Invalid_P_DEALER_MAP_CD" time="0.11">
    <failure type="java.lang.AssertionError" message="expected [200] but found [503]">
      <![CDATA[java.lang.AssertionError: expected [200] but found [503]
at com.ttn.MSGA.testcases.InsertAccOrdTest.insertAccOrd_Invalid_P_DEALER_MAP_CD(InsertAccOrdTest.java:115)
at java.base/java.util.ArrayList.forEach(ArrayList.java:1511)
... Removed 32 stack frames]]>
    </failure>
  </testcase> <!-- insertAccOrd_Invalid_P_DEALER_MAP_CD -->
  <testcase classname="com.ttn.MSGA.testcases.InsertAccOrdTest" name="insertAccOrd_Invalid_P_LOC_CD" time="0.114">
    <failure type="java.lang.AssertionError" message="expected [200] but found [503]">
      <![CDATA[java.lang.AssertionError: expected [200] but found [503]
at com.ttn.MSGA.testcases.InsertAccOrdTest.insertAccOrd_Invalid_P_LOC_CD(InsertAccOrdTest.java:153)
at java.base/java.util.ArrayList.forEach(ArrayList.java:1511)
... Removed 32 stack frames]]>
    </failure>
  </testcase> <!-- insertAccOrd_Invalid_P_LOC_CD -->
  <testcase classname="com.ttn.MSGA.testcases.InsertAccOrdTest" name="insertAccOrd_Invalid_P_LOC_CD" time="0.116">
    <failure type="java.lang.AssertionError" message="expected [200] but found [503]">
      <![CDATA[java.lang.AssertionError: expected [200] but found [503]
at com.ttn.MSGA.testcases.InsertAccOrdTest.insertAccOrd_Invalid_P_LOC_CD(InsertAccOrdTest.java:153)
at java.base/java.util.ArrayList.forEach(ArrayList.java:1511)
... Removed 32 stack frames]]>
    </failure>
  </testcase> <!-- insertAccOrd_Invalid_P_LOC_CD -->
  <testcase classname="com.ttn.MSGA.testcases.InsertAccOrdTest" name="insertAccOrd_Invalid_P_LOC_CD" time="0.12">
    <failure type="java.lang.AssertionError" message="expected [200] but found [503]">
      <![CDATA[java.lang.AssertionError: expected [200] but found [503]
at com.ttn.MSGA.testcases.InsertAccOrdTest.insertAccOrd_Invalid_P_LOC_CD(InsertAccOrdTest.java:153)
at java.base/java.util.ArrayList.forEach(ArrayList.java:1511)
... Removed 32 stack frames]]>
    </failure>
  </testcase> <!-- insertAccOrd_Invalid_P_LOC_CD -->
  <testcase classname="com.ttn.MSGA.testcases.InsertAccOrdTest" name="insertAccOrd_Invalid_P_LOC_CD" time="0.117">
    <failure type="java.lang.AssertionError" message="expected [200] but found [503]">
      <![CDATA[java.lang.AssertionError: expected [200] but found [503]
at com.ttn.MSGA.testcases.InsertAccOrdTest.insertAccOrd_Invalid_P_LOC_CD(InsertAccOrdTest.java:153)
at java.base/java.util.ArrayList.forEach(ArrayList.java:1511)
... Removed 32 stack frames]]>
    </failure>
  </testcase> <!-- insertAccOrd_Invalid_P_LOC_CD -->
  <testcase classname="com.ttn.MSGA.testcases.InsertAccOrdTest" name="insertAccOrd_Invalid_P_LOC_CD" time="0.118">
    <failure type="java.lang.AssertionError" message="expected [200] but found [503]">
      <![CDATA[java.lang.AssertionError: expected [200] but found [503]
at com.ttn.MSGA.testcases.InsertAccOrdTest.insertAccOrd_Invalid_P_LOC_CD(InsertAccOrdTest.java:153)
at java.base/java.util.ArrayList.forEach(ArrayList.java:1511)
... Removed 32 stack frames]]>
    </failure>
  </testcase> <!-- insertAccOrd_Invalid_P_LOC_CD -->
  <testcase classname="com.ttn.MSGA.testcases.InsertAccOrdTest" name="insertAccOrd_Invalid_P_ORDER_DATE" time="0.115">
    <failure type="java.lang.AssertionError" message="expected [200] but found [503]">
      <![CDATA[java.lang.AssertionError: expected [200] but found [503]
at com.ttn.MSGA.testcases.InsertAccOrdTest.insertAccOrd_Invalid_P_ORDER_DATE(InsertAccOrdTest.java:190)
at java.base/java.util.ArrayList.forEach(ArrayList.java:1511)
... Removed 32 stack frames]]>
    </failure>
  </testcase> <!-- insertAccOrd_Invalid_P_ORDER_DATE -->
  <testcase classname="com.ttn.MSGA.testcases.InsertAccOrdTest" name="insertAccOrd_Invalid_P_PARENT_GROUP" time="0.168">
    <failure type="java.lang.AssertionError" message="expected [200] but found [503]">
      <![CDATA[java.lang.AssertionError: expected [200] but found [503]
at com.ttn.MSGA.testcases.InsertAccOrdTest.insertAccOrd_Invalid_P_PARENT_GROUP(InsertAccOrdTest.java:77)
at java.base/java.util.ArrayList.forEach(ArrayList.java:1511)
... Removed 32 stack frames]]>
    </failure>
  </testcase> <!-- insertAccOrd_Invalid_P_PARENT_GROUP -->
  <testcase classname="com.ttn.MSGA.testcases.InsertAccOrdTest" name="insertAccOrd_Invalid_P_PARENT_GROUP" time="0.108">
    <failure type="java.lang.AssertionError" message="expected [200] but found [503]">
      <![CDATA[java.lang.AssertionError: expected [200] but found [503]
at com.ttn.MSGA.testcases.InsertAccOrdTest.insertAccOrd_Invalid_P_PARENT_GROUP(InsertAccOrdTest.java:77)
at java.base/java.util.ArrayList.forEach(ArrayList.java:1511)
... Removed 32 stack frames]]>
    </failure>
  </testcase> <!-- insertAccOrd_Invalid_P_PARENT_GROUP -->
  <testcase classname="com.ttn.MSGA.testcases.InsertAccOrdTest" name="insertAccOrd_Invalid_P_PARENT_GROUP" time="3.143">
    <failure type="java.lang.AssertionError" message="expected [200] but found [503]">
      <![CDATA[java.lang.AssertionError: expected [200] but found [503]
at com.ttn.MSGA.testcases.InsertAccOrdTest.insertAccOrd_Invalid_P_PARENT_GROUP(InsertAccOrdTest.java:77)
at java.base/java.util.ArrayList.forEach(ArrayList.java:1511)
... Removed 32 stack frames]]>
    </failure>
  </testcase> <!-- insertAccOrd_Invalid_P_PARENT_GROUP -->
  <testcase classname="com.ttn.MSGA.testcases.InsertAccOrdTest" name="insertAccOrd_Invalid_P_PARENT_GROUP" time="0.12">
    <failure type="java.lang.AssertionError" message="expected [200] but found [503]">
      <![CDATA[java.lang.AssertionError: expected [200] but found [503]
at com.ttn.MSGA.testcases.InsertAccOrdTest.insertAccOrd_Invalid_P_PARENT_GROUP(InsertAccOrdTest.java:77)
at java.base/java.util.ArrayList.forEach(ArrayList.java:1511)
... Removed 32 stack frames]]>
    </failure>
  </testcase> <!-- insertAccOrd_Invalid_P_PARENT_GROUP -->
  <testcase classname="com.ttn.MSGA.testcases.InsertAccOrdTest" name="insertAccOrd_Invalid_P_PARENT_GROUP" time="0.11">
    <failure type="java.lang.AssertionError" message="expected [200] but found [503]">
      <![CDATA[java.lang.AssertionError: expected [200] but found [503]
at com.ttn.MSGA.testcases.InsertAccOrdTest.insertAccOrd_Invalid_P_PARENT_GROUP(InsertAccOrdTest.java:77)
at java.base/java.util.ArrayList.forEach(ArrayList.java:1511)
... Removed 32 stack frames]]>
    </failure>
  </testcase> <!-- insertAccOrd_Invalid_P_PARENT_GROUP -->
  <testcase classname="com.ttn.MSGA.testcases.InsertAccOrdTest" name="insertAccOrd_Invalid_P_TOTAL_AMT" time="0.031">
    <failure type="java.lang.AssertionError" message="expected [200] but found [503]">
      <![CDATA[java.lang.AssertionError: expected [200] but found [503]
at com.ttn.MSGA.testcases.InsertAccOrdTest.insertAccOrd_Invalid_P_TOTAL_AMT(InsertAccOrdTest.java:326)
at java.base/java.util.ArrayList.forEach(ArrayList.java:1511)
... Removed 32 stack frames]]>
    </failure>
  </testcase> <!-- insertAccOrd_Invalid_P_TOTAL_AMT -->
  <testcase classname="com.ttn.MSGA.testcases.InsertAccOrdTest" name="insertAccOrd_ValidInput" time="0.151"/>
  <testcase classname="com.ttn.MSGA.testcases.InsertAccOrdTest" name="insertAccOrd_ValidInput" time="0.119"/>
  <testcase classname="com.ttn.MSGA.testcases.InsertAccOrdTest" name="insertAccOrd_ValidInput" time="0.133"/>
  <testcase classname="com.ttn.MSGA.testcases.InsertAccOrdTest" name="insertAccOrd_ValidInput" time="0.149"/>
  <testcase classname="com.ttn.MSGA.testcases.InsertAccOrdTest" name="insertAccOrd_ValidInput" time="0.163"/>
  <testcase classname="com.ttn.MSGA.testcases.FetchDealerDetailsTest" name="fetchDealerDetails_Blank_P_mul_dealer_Cd" time="0.093"/>
  <testcase classname="com.ttn.MSGA.testcases.FetchDealerDetailsTest" name="fetchDealerDetails_Blank_p_for_Cd" time="0.102"/>
  <testcase classname="com.ttn.MSGA.testcases.FetchDealerDetailsTest" name="fetchDealerDetails_Blank_p_pmc" time="0.028"/>
  <testcase classname="com.ttn.MSGA.testcases.FetchDealerDetailsTest" name="fetchDealerDetails_Invalid_P_mul_dealer_Cd" time="0.11"/>
  <testcase classname="com.ttn.MSGA.testcases.FetchDealerDetailsTest" name="fetchDealerDetails_Invalid_p_pmc" time="0.035"/>
  <testcase classname="com.ttn.MSGA.testcases.FetchDealerDetailsTest" name="fetchDealerDetails_ValidInput" time="0.117"/>
  <testcase classname="com.ttn.MSGA.testcases.FetchDealerDetailsTest" name="fetchDealerDetails_p_for_Cd" time="0.097"/>
  <testcase classname="com.ttn.MSGA.testcases.DealerDetailsTest" name="dealerDetails_Invalid_P_DATE" time="0.094"/>
  <testcase classname="com.ttn.MSGA.testcases.DealerDetailsTest" name="dealerDetails_Invalid_P_PMC" time="0.027"/>
  <testcase classname="com.ttn.MSGA.testcases.DealerDetailsTest" name="dealerDetails_ValidInput" time="0.139">
    <failure type="java.lang.AssertionError" message="expected [true] but found [false]">
      <![CDATA[java.lang.AssertionError: expected [true] but found [false]
at com.ttn.MSGA.testcases.DealerDetailsTest.dealerDetails_ValidInput(DealerDetailsTest.java:42)
at java.base/java.util.ArrayList.forEach(ArrayList.java:1511)
... Removed 31 stack frames]]>
    </failure>
  </testcase> <!-- dealerDetails_ValidInput -->
  <testcase classname="com.ttn.MSGA.testcases.DealerDetailsTest" name="dealerDetails_valid_P_DATE" time="0.114">
    <failure type="java.lang.AssertionError" message="expected [true] but found [false]">
      <![CDATA[java.lang.AssertionError: expected [true] but found [false]
at com.ttn.MSGA.testcases.DealerDetailsTest.dealerDetails_valid_P_DATE(DealerDetailsTest.java:99)
at java.base/java.util.ArrayList.forEach(ArrayList.java:1511)
... Removed 31 stack frames]]>
    </failure>
  </testcase> <!-- dealerDetails_valid_P_DATE -->
  <testcase classname="com.ttn.MSGP.testcases.GetEspDataTest" name="getEscData_Blank_P_PMC" time="0.03"/>
  <testcase classname="com.ttn.MSGP.testcases.GetEspDataTest" name="getEscData_Blank_P_PMC" time="0.028"/>
  <testcase classname="com.ttn.MSGP.testcases.GetEspDataTest" name="getEscData_Invalid_P_DLR_CD" time="0.115"/>
  <testcase classname="com.ttn.MSGP.testcases.GetEspDataTest" name="getEscData_Invalid_P_PMC" time="0.031"/>
  <testcase classname="com.ttn.MSGP.testcases.GetEspDataTest" name="getEscData_Invalid_P_PMC" time="0.035"/>
  <testcase classname="com.ttn.MSGP.testcases.GetEspDataTest" name="getEscData_Non_Existing_P_PMC" time="0.086"/>
  <testcase classname="com.ttn.MSGP.testcases.GetEspDataTest" name="getEscData_ValidInput" time="0.119"/>
  <testcase classname="com.ttn.MSGP.testcases.GetEspDataTest" name="getEscData_ValidInput" time="2.653"/>
  <testcase classname="com.ttn.MSGP.testcases.GetModelMasterTest" name="getModelMaster_InvalidInput" time="0.101"/>
  <testcase classname="com.ttn.MSGP.testcases.GetModelMasterTest" name="getModelMaster_InvalidInput" time="0.089"/>
  <testcase classname="com.ttn.MSGP.testcases.GetModelMasterTest" name="getModelMaster_ValidInput" time="0.087"/>
  <testcase classname="com.ttn.MSGP.testcases.GetModelMasterTest" name="getModelMaster_ValidInput" time="0.096"/>
  <testcase classname="com.ttn.MSGP.testcases.GetModelMasterTest" name="getModelMaster_ValidInput" time="0.082"/>
  <testcase classname="com.ttn.MSGP.testcases.GetModelMasterTest" name="getModelMaster_futureDate" time="0.099"/>
  <testcase classname="com.ttn.MSGP.testcases.GetModelMasterTest" name="getModelMaster_futureDate" time="0.088"/>
  <testcase classname="com.ttn.MSGP.testcases.GenPartSrvEnqTest" name="GenPartSrvEnq_Blank_P_DEALER_MAP_CD" time="0.029"/>
  <testcase classname="com.ttn.MSGP.testcases.GenPartSrvEnqTest" name="GenPartSrvEnq_Blank_P_LOC_CD" time="0.098"/>
  <testcase classname="com.ttn.MSGP.testcases.GenPartSrvEnqTest" name="GenPartSrvEnq_Blank_P_PARENT_GROUP" time="0.106"/>
  <testcase classname="com.ttn.MSGP.testcases.GenPartSrvEnqTest" name="GenPartSrvEnq_Blank_P_PHONE" time="0.091"/>
  <testcase classname="com.ttn.MSGP.testcases.GenPartSrvEnqTest" name="GenPartSrvEnq_Blank_P_REG_NUM" time="0.081"/>
  <testcase classname="com.ttn.MSGP.testcases.GenPartSrvEnqTest" name="GenPartSrvEnq_Blank_PartNumber" time="0.087"/>
  <testcase classname="com.ttn.MSGP.testcases.GenPartSrvEnqTest" name="GenPartSrvEnq_Invalid_P_DEALER_MAP_CD" time="0.098"/>
  <testcase classname="com.ttn.MSGP.testcases.GenPartSrvEnqTest" name="GenPartSrvEnq_Invalid_P_LOC_CD" time="0.111"/>
  <testcase classname="com.ttn.MSGP.testcases.GenPartSrvEnqTest" name="GenPartSrvEnq_Invalid_P_PARENT_GROUP" time="0.089"/>
  <testcase classname="com.ttn.MSGP.testcases.GenPartSrvEnqTest" name="GenPartSrvEnq_Invalid_PartNumber" time="0.346"/>
  <testcase classname="com.ttn.MSGP.testcases.GenPartSrvEnqTest" name="GenPartSrvEnq_ValidInput" time="0.129"/>
  <testcase classname="com.ttn.MSGP.testcases.GenPartSrvEnqTest" name="GenPartSrvEnq_ValidInput" time="0.175"/>
  <testcase classname="com.ttn.MSGP.testcases.GenPartSrvEnqTest" name="GenPartSrvEnq_ValidInput" time="0.262"/>
  <testcase classname="com.ttn.MSGP.testcases.GenPartSrvEnqTest" name="GenPartSrvEnq_ValidInput" time="0.101"/>
  <testcase classname="com.ttn.MSGP.testcases.GenPartSrvEnqTest" name="GenPartSrvEnq_invalid_P_REG_NUM" time="0.105"/>
  <testcase classname="com.ttn.MSGP.testcases.InsertAccEnquiryTest" name="insertAccEnquiry_Blank_P_APPOINT_TIME" time="0.024"/>
  <testcase classname="com.ttn.MSGP.testcases.InsertAccEnquiryTest" name="insertAccEnquiry_Blank_P_CUST_FNAME" time="0.085"/>
  <testcase classname="com.ttn.MSGP.testcases.InsertAccEnquiryTest" name="insertAccEnquiry_Blank_P_DEALER_MAP_CD" time="0.094"/>
  <testcase classname="com.ttn.MSGP.testcases.InsertAccEnquiryTest" name="insertAccEnquiry_Blank_P_ENQ_CATG" time="0.083"/>
  <testcase classname="com.ttn.MSGP.testcases.InsertAccEnquiryTest" name="insertAccEnquiry_Blank_P_ENQ_DATE" time="0.109"/>
  <testcase classname="com.ttn.MSGP.testcases.InsertAccEnquiryTest" name="insertAccEnquiry_Blank_P_LOC_CD" time="0.182"/>
  <testcase classname="com.ttn.MSGP.testcases.InsertAccEnquiryTest" name="insertAccEnquiry_Blank_P_MODE" time="0.089"/>
  <testcase classname="com.ttn.MSGP.testcases.InsertAccEnquiryTest" name="insertAccEnquiry_Blank_P_PARENT_GROUP" time="0.102"/>
  <testcase classname="com.ttn.MSGP.testcases.InsertAccEnquiryTest" name="insertAccEnquiry_Blank_P_PHONE" time="0.115"/>
  <testcase classname="com.ttn.MSGP.testcases.InsertAccEnquiryTest" name="insertAccEnquiry_Blank_P_SOURCE" time="0.098"/>
  <testcase classname="com.ttn.MSGP.testcases.InsertAccEnquiryTest" name="insertAccEnquiry_Invalid_P_APPOINT_TIME" time="0.022"/>
  <testcase classname="com.ttn.MSGP.testcases.InsertAccEnquiryTest" name="insertAccEnquiry_Invalid_P_DEALER_MAP_CD" time="0.104"/>
  <testcase classname="com.ttn.MSGP.testcases.InsertAccEnquiryTest" name="insertAccEnquiry_Invalid_P_ENQ_CATG" time="0.102"/>
  <testcase classname="com.ttn.MSGP.testcases.InsertAccEnquiryTest" name="insertAccEnquiry_Invalid_P_LOC_CD" time="0.088"/>
  <testcase classname="com.ttn.MSGP.testcases.InsertAccEnquiryTest" name="insertAccEnquiry_Invalid_P_PARENT_GROUP" time="0.104"/>
  <testcase classname="com.ttn.MSGP.testcases.InsertAccEnquiryTest" name="insertAccEnquiry_ValidInput" time="0.143"/>
  <testcase classname="com.ttn.MSGP.testcases.InsertAccEnquiryTest" name="insertAccEnquiry_ValidInput" time="0.173"/>
  <testcase classname="com.ttn.MSGP.testcases.InsertAccEnquiryTest" name="insertAccEnquiry_ValidInput" time="0.12"/>
  <testcase classname="com.ttn.MSGP.testcases.InsertAccEnquiryTest" name="insertAccEnquiry_ValidInput" time="0.144"/>
  <testcase classname="com.ttn.builder.BaseTest" name="@BeforeSuite setAccessToken" time="0.0">
    <ignored/>
  </testcase> <!-- @BeforeSuite setAccessToken -->
  <testcase classname="com.ttn.builder.BaseTest" name="@BeforeSuite setAccessToken" time="0.0">
    <ignored/>
  </testcase> <!-- @BeforeSuite setAccessToken -->
  <testcase classname="com.ttn.builder.BaseTest" name="@BeforeSuite setAccessToken" time="0.0">
    <ignored/>
  </testcase> <!-- @BeforeSuite setAccessToken -->
  <testcase classname="com.ttn.builder.BaseTest" name="@BeforeSuite setAccessToken" time="0.0">
    <ignored/>
  </testcase> <!-- @BeforeSuite setAccessToken -->
  <testcase classname="com.ttn.builder.BaseTest" name="@BeforeSuite setAccessToken" time="0.0">
    <ignored/>
  </testcase> <!-- @BeforeSuite setAccessToken -->
  <testcase classname="com.ttn.builder.BaseTest" name="@BeforeSuite setAccessToken" time="0.0">
    <ignored/>
  </testcase> <!-- @BeforeSuite setAccessToken -->
  <testcase classname="com.ttn.builder.BaseTest" name="@BeforeSuite setAccessToken" time="0.0">
    <ignored/>
  </testcase> <!-- @BeforeSuite setAccessToken -->
  <testcase classname="com.ttn.builder.BaseTest" name="@BeforeSuite setAccessToken" time="0.0">
    <ignored/>
  </testcase> <!-- @BeforeSuite setAccessToken -->
  <testcase classname="com.ttn.builder.BaseTest" name="@BeforeSuite setAccessToken" time="0.0">
    <ignored/>
  </testcase> <!-- @BeforeSuite setAccessToken -->
  <testcase classname="com.ttn.builder.BaseTest" name="@BeforeSuite setAccessToken" time="0.0">
    <ignored/>
  </testcase> <!-- @BeforeSuite setAccessToken -->
  <testcase classname="com.ttn.builder.BaseTest" name="@BeforeSuite setAccessToken" time="0.0">
    <ignored/>
  </testcase> <!-- @BeforeSuite setAccessToken -->
  <testcase classname="com.ttn.builder.BaseTest" name="@BeforeSuite setAccessToken" time="0.0">
    <ignored/>
  </testcase> <!-- @BeforeSuite setAccessToken -->
  <testcase classname="com.ttn.builder.BaseTest" name="@BeforeSuite setAccessToken" time="0.0">
    <ignored/>
  </testcase> <!-- @BeforeSuite setAccessToken -->
  <testcase classname="com.ttn.builder.BaseTest" name="@BeforeSuite setAccessToken" time="0.0">
    <ignored/>
  </testcase> <!-- @BeforeSuite setAccessToken -->
  <testcase classname="com.ttn.builder.BaseTest" name="@BeforeSuite setAccessToken" time="0.0">
    <ignored/>
  </testcase> <!-- @BeforeSuite setAccessToken -->
  <testcase classname="com.ttn.builder.BaseTest" name="@BeforeSuite setAccessToken" time="0.0">
    <ignored/>
  </testcase> <!-- @BeforeSuite setAccessToken -->
  <testcase classname="com.ttn.builder.BaseTest" name="@BeforeSuite setAccessToken" time="0.0">
    <ignored/>
  </testcase> <!-- @BeforeSuite setAccessToken -->
  <testcase classname="com.ttn.builder.BaseTest" name="@BeforeSuite setAccessToken" time="0.0">
    <ignored/>
  </testcase> <!-- @BeforeSuite setAccessToken -->
  <testcase classname="com.ttn.builder.BaseTest" name="@BeforeSuite setAccessToken" time="0.0">
    <ignored/>
  </testcase> <!-- @BeforeSuite setAccessToken -->
  <testcase classname="com.ttn.builder.BaseTest" name="@AfterSuite setPassword" time="0.0">
    <ignored/>
  </testcase> <!-- @AfterSuite setPassword -->
  <testcase classname="com.ttn.builder.BaseTest" name="@AfterSuite setPassword" time="0.0">
    <ignored/>
  </testcase> <!-- @AfterSuite setPassword -->
  <testcase classname="com.ttn.builder.BaseTest" name="@AfterSuite setPassword" time="0.0">
    <ignored/>
  </testcase> <!-- @AfterSuite setPassword -->
  <testcase classname="com.ttn.builder.BaseTest" name="@AfterSuite setPassword" time="0.0">
    <ignored/>
  </testcase> <!-- @AfterSuite setPassword -->
  <testcase classname="com.ttn.builder.BaseTest" name="@AfterSuite setPassword" time="0.0">
    <ignored/>
  </testcase> <!-- @AfterSuite setPassword -->
  <testcase classname="com.ttn.builder.BaseTest" name="@AfterSuite setPassword" time="0.0">
    <ignored/>
  </testcase> <!-- @AfterSuite setPassword -->
  <testcase classname="com.ttn.builder.BaseTest" name="@AfterSuite setPassword" time="0.0">
    <ignored/>
  </testcase> <!-- @AfterSuite setPassword -->
  <testcase classname="com.ttn.builder.BaseTest" name="@AfterSuite setPassword" time="0.0">
    <ignored/>
  </testcase> <!-- @AfterSuite setPassword -->
  <testcase classname="com.ttn.builder.BaseTest" name="@AfterSuite setPassword" time="0.0">
    <ignored/>
  </testcase> <!-- @AfterSuite setPassword -->
  <testcase classname="com.ttn.builder.BaseTest" name="@AfterSuite setPassword" time="0.0">
    <ignored/>
  </testcase> <!-- @AfterSuite setPassword -->
  <testcase classname="com.ttn.builder.BaseTest" name="@AfterSuite setPassword" time="0.0">
    <ignored/>
  </testcase> <!-- @AfterSuite setPassword -->
  <testcase classname="com.ttn.builder.BaseTest" name="@AfterSuite setPassword" time="0.0">
    <ignored/>
  </testcase> <!-- @AfterSuite setPassword -->
  <testcase classname="com.ttn.builder.BaseTest" name="@AfterSuite setPassword" time="0.0">
    <ignored/>
  </testcase> <!-- @AfterSuite setPassword -->
  <testcase classname="com.ttn.builder.BaseTest" name="@AfterSuite setPassword" time="0.0">
    <ignored/>
  </testcase> <!-- @AfterSuite setPassword -->
  <testcase classname="com.ttn.builder.BaseTest" name="@AfterSuite setPassword" time="0.0">
    <ignored/>
  </testcase> <!-- @AfterSuite setPassword -->
  <testcase classname="com.ttn.builder.BaseTest" name="@AfterSuite setPassword" time="0.0">
    <ignored/>
  </testcase> <!-- @AfterSuite setPassword -->
  <testcase classname="com.ttn.builder.BaseTest" name="@AfterSuite setPassword" time="0.0">
    <ignored/>
  </testcase> <!-- @AfterSuite setPassword -->
  <testcase classname="com.ttn.builder.BaseTest" name="@AfterSuite setPassword" time="0.0">
    <ignored/>
  </testcase> <!-- @AfterSuite setPassword -->
  <testcase classname="com.ttn.builder.BaseTest" name="@AfterSuite setPassword" time="0.0">
    <ignored/>
  </testcase> <!-- @AfterSuite setPassword -->
  <testcase classname="com.ttn.builder.BaseTest" name="@BeforeSuite before" time="0.0">
    <ignored/>
  </testcase> <!-- @BeforeSuite before -->
  <testcase classname="com.ttn.builder.BaseTest" name="@BeforeSuite before" time="0.0">
    <ignored/>
  </testcase> <!-- @BeforeSuite before -->
  <testcase classname="com.ttn.builder.BaseTest" name="@BeforeSuite before" time="0.0">
    <ignored/>
  </testcase> <!-- @BeforeSuite before -->
  <testcase classname="com.ttn.builder.BaseTest" name="@BeforeSuite before" time="0.0">
    <ignored/>
  </testcase> <!-- @BeforeSuite before -->
  <testcase classname="com.ttn.builder.BaseTest" name="@BeforeSuite before" time="0.0">
    <ignored/>
  </testcase> <!-- @BeforeSuite before -->
  <testcase classname="com.ttn.builder.BaseTest" name="@BeforeSuite before" time="0.0">
    <ignored/>
  </testcase> <!-- @BeforeSuite before -->
  <testcase classname="com.ttn.builder.BaseTest" name="@BeforeSuite before" time="0.0">
    <ignored/>
  </testcase> <!-- @BeforeSuite before -->
  <testcase classname="com.ttn.builder.BaseTest" name="@BeforeSuite before" time="0.0">
    <ignored/>
  </testcase> <!-- @BeforeSuite before -->
  <testcase classname="com.ttn.builder.BaseTest" name="@BeforeSuite before" time="0.0">
    <ignored/>
  </testcase> <!-- @BeforeSuite before -->
  <testcase classname="com.ttn.builder.BaseTest" name="@BeforeSuite before" time="0.0">
    <ignored/>
  </testcase> <!-- @BeforeSuite before -->
  <testcase classname="com.ttn.builder.BaseTest" name="@BeforeSuite before" time="0.0">
    <ignored/>
  </testcase> <!-- @BeforeSuite before -->
  <testcase classname="com.ttn.builder.BaseTest" name="@BeforeSuite before" time="0.0">
    <ignored/>
  </testcase> <!-- @BeforeSuite before -->
  <testcase classname="com.ttn.builder.BaseTest" name="@BeforeSuite before" time="0.0">
    <ignored/>
  </testcase> <!-- @BeforeSuite before -->
  <testcase classname="com.ttn.builder.BaseTest" name="@BeforeSuite before" time="0.0">
    <ignored/>
  </testcase> <!-- @BeforeSuite before -->
  <testcase classname="com.ttn.builder.BaseTest" name="@BeforeSuite before" time="0.0">
    <ignored/>
  </testcase> <!-- @BeforeSuite before -->
  <testcase classname="com.ttn.builder.BaseTest" name="@BeforeSuite before" time="0.0">
    <ignored/>
  </testcase> <!-- @BeforeSuite before -->
  <testcase classname="com.ttn.builder.BaseTest" name="@BeforeSuite before" time="0.0">
    <ignored/>
  </testcase> <!-- @BeforeSuite before -->
  <testcase classname="com.ttn.builder.BaseTest" name="@BeforeSuite before" time="0.0">
    <ignored/>
  </testcase> <!-- @BeforeSuite before -->
  <testcase classname="com.ttn.builder.BaseTest" name="@BeforeSuite before" time="0.0">
    <ignored/>
  </testcase> <!-- @BeforeSuite before -->
  <testcase classname="com.ttn.builder.BaseTest" name="@AfterTest tearDown" time="0.0">
    <ignored/>
  </testcase> <!-- @AfterTest tearDown -->
  <testcase classname="com.ttn.builder.BaseTest" name="@AfterTest tearDown" time="0.0">
    <ignored/>
  </testcase> <!-- @AfterTest tearDown -->
  <testcase classname="com.ttn.builder.BaseTest" name="@AfterTest tearDown" time="0.0">
    <ignored/>
  </testcase> <!-- @AfterTest tearDown -->
  <testcase classname="com.ttn.builder.BaseTest" name="@AfterTest tearDown" time="0.0">
    <ignored/>
  </testcase> <!-- @AfterTest tearDown -->
  <testcase classname="com.ttn.builder.BaseTest" name="@AfterTest tearDown" time="0.0">
    <ignored/>
  </testcase> <!-- @AfterTest tearDown -->
  <testcase classname="com.ttn.builder.BaseTest" name="@AfterTest tearDown" time="0.0">
    <ignored/>
  </testcase> <!-- @AfterTest tearDown -->
  <testcase classname="com.ttn.builder.BaseTest" name="@AfterTest tearDown" time="0.0">
    <ignored/>
  </testcase> <!-- @AfterTest tearDown -->
  <testcase classname="com.ttn.builder.BaseTest" name="@AfterTest tearDown" time="0.0">
    <ignored/>
  </testcase> <!-- @AfterTest tearDown -->
  <testcase classname="com.ttn.builder.BaseTest" name="@AfterTest tearDown" time="0.0">
    <ignored/>
  </testcase> <!-- @AfterTest tearDown -->
  <testcase classname="com.ttn.builder.BaseTest" name="@AfterTest tearDown" time="0.0">
    <ignored/>
  </testcase> <!-- @AfterTest tearDown -->
  <testcase classname="com.ttn.builder.BaseTest" name="@AfterTest tearDown" time="0.0">
    <ignored/>
  </testcase> <!-- @AfterTest tearDown -->
  <testcase classname="com.ttn.builder.BaseTest" name="@AfterTest tearDown" time="0.0">
    <ignored/>
  </testcase> <!-- @AfterTest tearDown -->
  <testcase classname="com.ttn.builder.BaseTest" name="@AfterTest tearDown" time="0.0">
    <ignored/>
  </testcase> <!-- @AfterTest tearDown -->
  <testcase classname="com.ttn.builder.BaseTest" name="@AfterTest tearDown" time="0.0">
    <ignored/>
  </testcase> <!-- @AfterTest tearDown -->
  <testcase classname="com.ttn.builder.BaseTest" name="@AfterTest tearDown" time="0.0">
    <ignored/>
  </testcase> <!-- @AfterTest tearDown -->
  <testcase classname="com.ttn.builder.BaseTest" name="@AfterTest tearDown" time="0.0">
    <ignored/>
  </testcase> <!-- @AfterTest tearDown -->
  <testcase classname="com.ttn.builder.BaseTest" name="@AfterTest tearDown" time="0.0">
    <ignored/>
  </testcase> <!-- @AfterTest tearDown -->
  <testcase classname="com.ttn.builder.BaseTest" name="@AfterTest tearDown" time="0.0">
    <ignored/>
  </testcase> <!-- @AfterTest tearDown -->
  <testcase classname="com.ttn.builder.BaseTest" name="@AfterTest tearDown" time="0.0">
    <ignored/>
  </testcase> <!-- @AfterTest tearDown -->
</testsuite> <!-- Test -->
